2000000
2000000
1999999
1999997
1999994
-1
1999990
1999984
1999977
1999969
1999960
1999950
1999939
1999927
-1
1999914
1999899
1999883
1999866
1999848
-1
1999829
1999808
1999786
1999763
1999739
1999714
1999688
1999661
1999633
1999604
1999574
-1
1999543
1999510
1999476
1999441
1999405
1999368
1999330
1999291
1999251
1999210
1999168
1999125
1999081
1999036
1998990
1998943
1998895
1998846
1998796
1998745
1998693
1998640
1998586
1998531
1998475
1998418
1998360
1998301
1998241
1998180
1998118
1998055
1997991
1997926
1997860
1997793
1997725
-1
1997656
1997585
1997513
1997440
1997366
1997291
1997215
1997138
1997060
1996981
1996901
1996820
1996738
1996655
1996571
1996486
1996400
1996313
1996225
1996136
1996046
1995955
1995863
1995770
1995676
1995581
1995485
1995388
1995290
1995191
1995091
1994990
1994888
1994785
-1
1994681
1994575
1994468
1994360
1994251
1994141
1994030
1993918
1993805
1993691
1993576
1993460
1993343
1993225
1993106
1992986
1992865
1992743
1992620
1992496
1992371
1992245
1992118
1991990
1991861
1991731
-1
1991600
1991467
1991333
1991198
1991062
1990925
1990787
1990648
1990508
1990367
1990225
1990082
1989938
-1
1989793
1989646
1989498
-1
1989349
1989198
1989046
1988893
1988739
1988584
1988428
1988271
-1
1988113
1987953
1987792
1987630
1987467
-1
1987303
-1
1987137
1986969
1986800
1986630
1986459
1986287
1986114
1985940
1985765
1985589
1985412
1985234
1985055
1984875
1984694
1984512
1984329
1984145
1983960
1983774
1983587
1983399
1983210
1983020
1982829
1982637
1982444
1982250
1982055
1981859
1981662
1981464
1981265
1981065
-1
1980864
1980661
1980457
1980252
1980046
1979839
-1
1979631
1979421
1979210
1978998
1978785
-1
1978571
1978355
1978138
1977920
1977701
1977481
1977260
1977038
1976815
1976591
1976366
1976140
1975913
1975685
1975456
1975226
1974995
1974763
1974530
1974296
1974061
1973825
1973588
1973350
1973111
1972871
1972630
1972388
1972145
1971901
1971656
-1
1971410
1971162
1970913
1970663
1970412
1970160
1969907
1969653
1969398
1969142
1968885
1968627
-1
1968368
1968107
1967845
1967582
1967318
-1
1967053
1966786
1966518
1966249
1965979
1965708
1965436
1965163
1964889
1964614
1964338
1964061
1963783
1963504
1963224
1962943
1962661
1962378
1962094
1961809
1961523
1961236
1960948
1960659
1960369
1960078
1959786
1959493
1959199
1958904
1958608
1958311
1958013
1957714
1957414
1957113
1956811
1956508
1956204
1955899
1955593
1955286
1954978
1954669
1954359
1954048
1953736
1953423
1953109
1952794
1952478
1952161
1951843
1951524
1951204
1950883
1950561
1950238
1949914
1949589
1949263
1948936
1948608
1948279
1947949
1947618
1947286
1946953
1946619
1946284
1945948
1945611
1945273
1944934
1944594
1944253
1943911
1943568
1943224
1942879
1942533
1942186
1941838
1941489
-1
-1
1941139
1940786
1940432
1940077
1939721
1939364
1939006
1938647
1938287
1937926
1937564
1937201
1936837
1936472
1936106
1935739
1935371
-1
1935002
1934631
1934259
1933886
1933512
1933137
1932761
1932384
1932006
1931627
1931247
1930866
1930484
1930101
1929717
1929332
1928946
1928559
1928171
1927782
1927392
1927001
1926609
1926216
1925822
1925427
-1
1925031
1924633
1924234
1923834
1923433
1923031
1922628
1922224
1921819
1921413
1921006
1920598
1920189
1919779
1919368
1918956
1918543
-1
1918129
1917713
1917296
1916878
1916459
1916039
1915618
1915196
1914773
1914349
1913924
1913498
1913071
1912643
1912214
1911784
1911353
1910921
1910488
1910054
1909619
1909183
1908746
1908308
1907869
1907429
1906988
1906546
1906103
1905659
1905214
1904768
1904321
1903873
1903424
-1
1902974
1902522
1902069
1901615
1901160
1900704
1900247
1899789
1899330
1898870
1898409
1897947
1897484
1897020
1896555
1896089
1895622
1895154
1894685
1894215
1893744
1893272
1892799
-1
1892325
1891849
1891372
1890894
1890415
1889935
1889454
1888972
1888489
1888005
1887520
1887034
1886547
1886059
1885570
1885080
1884589
1884097
1883604
1883110
-1
1882615
1882118
1881620
1881121
1880621
1880120
1879618
1879115
1878611
1878106
1877600
1877093
1876585
1876076
1875566
1875055
1874543
1874030
1873516
1873001
1872485
1871968
1871450
1870931
1870411
1869890
1869368
1868845
1868321
1867796
1867270
1866743
1866215
1865686
1865156
1864625
1864093
1863560
1863026
1862491
1861955
1861418
1860880
1860341
1859801
1859260
1858718
1858175
1857631
1857086
1856540
1855993
1855445
1854896
-1
1854346
1853794
1853241
1852687
1852132
1851576
1851019
1850461
1849902
1849342
1848781
1848219
1847656
1847092
1846527
1845961
1845394
1844826
1844257
-1
1843687
1843115
-1
1842542
1841967
1841391
1840814
1840236
1839657
1839077
1838496
1837914
1837331
1836747
1836162
1835576
1834989
1834401
1833812
1833222
1832631
1832039
1831446
1830852
1830257
-1
1829661
1829063
1828464
1827864
1827263
1826661
1826058
1825454
1824849
1824243
1823636
1823028
1822419
1821809
1821198
1820586
1819973
1819359
1818744
1818128
1817511
1816893
1816274
1815654
1815033
1814411
1813788
1813164
1812539
1811913
1811286
1810658
1810029
1809399
1808768
1808136
1807503
1806869
1806234
1805598
1804961
1804323
1803684
1803044
1802403
1801761
1801118
1800474
1799829
1799183
1798536
1797888
1797239
1796589
1795938
1795286
1794633
1793979
1793324
1792668
1792011
1791353
1790694
1790034
1789373
1788711
1788048
1787384
1786719
1786053
1785386
1784718
1784049
1783379
1782708
-1
1782036
1781362
1780687
1780011
1779334
1778656
1777977
1777297
1776616
1775934
1775251
1774567
1773882
1773196
1772509
1771821
-1
1771132
1770441
1769749
1769056
1768362
1767667
1766971
1766274
1765576
1764877
1764177
1763476
1762774
1762071
1761367
1760662
1759956
-1
1759249
1758540
1757830
1757119
1756407
1755694
1754980
1754265
1753549
1752832
1752114
1751395
1750675
1749954
-1
1749232
1748508
1747783
1747057
1746330
1745602
1744873
1744143
1743412
1742680
1741947
-1
1741213
1740477
1739740
-1
1739002
1738262
1737521
1736779
1736036
1735292
1734547
-1
1733801
1733053
1732304
1731554
1730803
1730051
1729298
1728544
1727789
1727033
-1
1726276
1725517
1724757
1723996
1723234
1722471
-1
1721707
1720941
1720174
1719406
1718637
1717867
1717096
1716324
1715551
1714777
1714002
1713226
1712449
1711671
1710892
1710112
1709331
1708549
1707766
1706982
1706197
1705411
1704624
1703836
1703047
1702257
1701466
1700674
-1
1699881
1699086
1698290
1697493
1696695
1695896
1695096
1694295
1693493
-1
1692690
1691885
1691079
1690272
1689464
1688655
1687845
-1
1687034
-1
1686221
1685406
1684590
1683773
1682955
1682136
1681316
1680495
1679673
1678850
1678026
1677201
1676375
1675548
1674720
1673891
1673061
1672230
-1
-1
1671398
1670563
1669727
1668890
1668052
1667213
1666373
1665532
1664690
1663847
1663003
1662158
1661312
1660465
1659617
1658768
1657918
1657067
1656215
1655362
1654508
-1
1653653
1652796
1651938
1651079
1650219
1649358
1648496
1647633
1646769
1645904
-1
1645038
1644170
1643301
1642431
1641560
1640688
1639815
1638941
1638066
1637190
1636313
1635435
-1
1634556
1633675
1632793
1631910
-1
1631026
-1
1630140
1629252
1628363
1627473
1626582
-1
1625690
1624796
-1
1623901
1623004
1622106
1621207
1620307
1619406
1618504
1617601
1616697
1615792
1614886
1613979
1613071
1612162
1611252
1610341
1609429
1608516
1607602
1606687
1605771
1604854
1603936
1603017
1602097
1601176
1600254
1599331
1598407
1597482
1596556
1595629
1594701
1593772
1592842
1591911
1590979
1590046
1589112
1588177
1587241
1586304
1585366
1584427
1583487
1582546
1581604
1580661
1579717
1578772
1577826
1576879
1575931
1574982
1574032
1573081
1572129
1571176
1570222
1569267
1568311
-1
1567354
1566395
1565435
1564474
1563512
1562549
1561585
1560620
1559654
-1
1558687
1557718
1556748
1555777
1554805
1553832
-1
1552858
1551882
1550905
1549927
1548948
1547968
1546987
1546005
1545022
1544038
1543053
1542067
1541080
1540092
1539103
1538113
1537122
1536130
1535137
1534143
1533148
1532152
1531155
1530157
1529158
1528158
1527157
1526155
1525152
1524148
1523143
1522137
1521130
-1
1520122
1519112
1518101
1517089
-1
1516076
1515061
1514045
1513028
1512010
1510991
1509971
1508950
1507928
1506905
1505881
1504856
1503830
1502803
1501775
1500746
1499716
1498685
1497653
1496620
1495586
1494551
1493515
1492478
1491440
1490401
1489361
1488320
-1
1487278
1486234
1485189
1484143
1483096
1482048
1480999
1479949
1478898
1477846
1476793
1475739
1474684
1473628
1472571
1471513
1470454
1469394
1468333
1467271
1466208
1465144
1464079
1463013
1461946
1460878
1459809
1458739
1457668
1456596
1455523
1454449
1453374
1452298
1451221
1450143
1449064
1447984
1446903
1445821
1444738
1443654
1442569
1441483
1440396
1439308
1438219
1437129
1436038
1434946
1433853
1432759
1431664
1430568
1429471
1428373
1427274
1426174
1425073
1423971
1422868
1421764
1420659
1419553
1418446
1417338
1416229
1415119
1414008
1412896
1411783
1410669
1409554
-1
1408438
1407320
1406201
1405081
1403960
1402838
1401715
1400591
1399466
1398340
1397213
1396085
1394956
1393826
1392695
1391563
1390430
1389296
1388161
1387025
1385888
-1
1384750
1383610
1382469
-1
1381327
1380183
1379038
1377892
1376745
1375597
1374448
1373298
1372147
1370995
1369842
1368688
1367533
1366377
1365220
1364062
1362903
1361743
1360582
1359420
1358257
1357093
1355928
1354762
1353595
1352427
1351258
1350088
-1
1348917
1347744
1346570
1345395
1344219
1343042
1341864
1340685
1339505
-1
1338324
1337141
1335957
1334772
1333586
1332399
1331211
1330022
1328832
1327641
1326449
1325256
1324062
-1
1322867
-1
1321670
1320471
1319271
1318070
1316868
1315665
1314461
-1
1313256
-1
1312049
1310840
1309630
1308419
1307207
1305994
1304780
1303565
1302349
1301132
1299914
1298695
1297475
1296254
1295032
1293809
1292585
1291360
1290134
1288907
1287679
1286450
1285220
1283989
1282757
1281524
1280290
1279055
1277819
1276582
1275344
1274105
1272865
1271624
1270382
1269139
-1
1267895
1266649
1265402
1264154
-1
1262905
1261654
1260402
1259149
1257895
1256640
1255384
1254127
1252869
1251610
1250350
1249089
1247827
1246564
1245300
1244035
1242769
1241502
1240234
-1
1238965
1237694
1236422
1235149
1233875
1232600
1231324
1230047
1228769
1227490
-1
1226210
1224928
1223645
1222361
1221076
1219790
1218503
1217215
1215926
1214636
1213345
1212053
1210760
1209466
1208171
-1
1206875
1205577
1204278
1202978
1201677
1200375
1199072
1197768
1196463
1195157
1193850
1192542
-1
1191233
1189922
1188610
1187297
1185983
1184668
1183352
-1
1182035
1180716
1179396
1178075
1176753
1175430
1174106
1172781
1171455
1170128
1168800
1167471
1166141
1164810
1163478
1162145
1160811
1159476
1158140
1156803
-1
1155465
1154125
1152784
-1
1151442
1150098
1148753
1147407
1146060
1144712
1143363
1142013
1140662
1139310
1137957
1136603
1135248
1133892
1132535
1131177
1129818
1128458
1127097
1125735
1124372
1123008
1121643
1120277
1118910
1117542
1116173
1114803
1113432
1112060
1110687
1109313
1107938
1106562
1105185
1103807
-1
1102428
-1
1101047
1099664
-1
1098280
1096894
1095507
1094119
1092730
1091340
1089949
1088557
1087164
1085770
1084375
1082979
1081582
1080184
1078785
1077385
1075984
1074582
1073179
1071775
1070370
1068964
1067557
1066149
1064740
1063330
1061919
1060507
1059094
1057680
1056265
1054849
1053432
1052014
1050595
1049175
1047754
1046332
1044909
1043485
1042060
1040634
1039207
1037779
1036350
1034920
1033489
1032057
-1
1030624
1029189
1027753
1026316
1024878
1023439
1021999
1020558
1019116
1017673
1016229
1014784
-1
1013338
-1
1011890
1010440
1008989
1007537
1006084
1004630
1003175
1001719
1000262
998804
997345
995885
994424
992962
991499
-1
990035
988569
987102
985634
984165
982695
981224
979752
978279
976805
975330
973854
972377
970899
969420
967940
966459
964977
963494
962010
960525
959039
957552
956064
954575
953085
951594
950102
948609
947115
945620
944124
-1
942627
941128
939628
938127
936625
935122
933618
932113
930607
929100
927592
926083
924573
923062
921550
920037
918523
917008
915492
913975
912457
910938
909418
907897
906375
904852
903328
-1
901803
900276
898748
897219
895689
894158
892626
891093
889559
-1
-1
888024
886486
884947
883407
881866
880324
878781
877237
875692
874146
872599
871051
869502
867952
-1
866401
864848
863294
861739
860183
858626
857068
855509
-1
853949
852387
850824
849260
847695
846129
844562
842994
841425
839855
838284
836712
835139
833565
831990
830414
828837
827259
825680
824100
822519
820937
819354
817770
816185
814599
813012
811424
809835
808245
806654
805062
803469
801875
800280
798684
797087
795489
793890
792290
790689
789087
787484
785880
784275
782669
781062
779454
777845
776235
774624
773012
771399
769785
768170
766554
-1
764937
763318
761698
760077
758455
756832
755208
753583
751957
750330
748702
-1
747073
745442
743810
742177
740543
738908
737272
735635
733997
732358
730718
729077
-1
727435
725791
-1
724146
722499
720851
719202
-1
717552
715900
714247
712593
710938
709282
707625
705967
704308
702648
700987
699325
697662
695998
694333
692667
691000
689332
687663
685993
684322
682650
-1
680977
679302
677626
675949
674271
672592
670912
669231
667549
665866
664182
662497
660811
659124
657436
655747
-1
654057
-1
652365
650671
648976
647280
645583
-1
643885
642185
640484
638782
637079
635375
633670
631964
630257
628549
626840
625130
623419
621707
619994
618280
616565
614849
613132
611414
609695
607975
606254
604532
602809
601085
599360
597634
595907
594179
592450
590720
588989
587257
585524
583790
582055
580319
578582
576844
575105
573365
571624
569882
568139
566395
564650
562904
561157
559409
557660
555910
554159
552407
550654
548900
547145
545389
543632
541874
540115
538355
536594
534832
533069
-1
531305
529539
527772
526004
524235
522465
520694
518922
517149
-1
515375
513599
511822
510044
508265
506485
504704
502922
501139
499355
497570
495784
493997
492209
490420
-1
488630
486838
485045
-1
483251
481455
479658
477860
476061
474261
472460
470658
468855
467051
465246
463440
461633
459825
458016
456206
454395
452583
450770
448956
447141
445325
443508
441690
439871
438051
436230
434408
432585
430761
428936
427110
425283
423455
421626
419796
417965
416133
414300
412466
410631
408795
406958
405120
403281
401441
399600
397758
395915
394071
392226
390380
388533
386685
384836
382986
381135
379283
377430
375576
373721
371865
370008
368150
366291
364431
362570
360708
358845
356981
355116
353250
-1
351383
-1
349514
347643
345771
343898
342024
340149
338273
336396
334518
332639
330759
328878
326996
325113
323229
-1
321344
319457
-1
317569
315679
313788
311896
310003
308109
306214
304318
302421
300523
298624
296724
294823
292921
291018
289114
287209
285303
283396
281488
279579
277669
275758
273846
271933
270019
268104
266188
264271
262353
-1
260434
258513
256591
254668
252744
250819
248893
246966
245038
243109
241179
239248
237316
235383
233449
231514
229578
227641
225703
223764
221824
219883
217941
215998
-1
214054
212108
-1
210161
208212
206262
204311
202359
200406
198452
196497
194541
192584
190626
188667
186707
184746
182784
180821
178857
176892
174926
-1
172959
-1
170990
169019
167047
165074
163100
161125
159149
157172
-1
155194
153214
151233
149251
147268
145284
143299
141313
139326
137338
135349
133359
131368
129376
127383
125389
123394
-1
121398
119400
